<?xml version="1.0" encoding="UTF-8"?>
<!-- Generated by org.testng.reporters.JUnitReportReporter -->
<testsuite hostname="Parag-Jain" failures="0" tests="2" name="com.ZippSlipAutomation.districtadmin.maintestpackage.CreateSchoolMainClass" time="48.594" errors="0" timestamp="8 Mar 2018 08:06:56 GMT">
  <testcase classname="com.ZippSlipAutomation.districtadmin.maintestpackage.CreateSchoolMainClass" name="addSchoolDetailsFunctionality" time="33.964"/>
  <testcase classname="com.ZippSlipAutomation.districtadmin.maintestpackage.CreateSchoolMainClass" name="selectSchoolList" time="14.630"/>
</testsuite> <!-- com.ZippSlipAutomation.districtadmin.maintestpackage.CreateSchoolMainClass -->
