<?xml version="1.0" encoding="UTF-8"?>
<!-- Generated by org.testng.reporters.JUnitReportReporter -->
<testsuite hostname="Parag-Jain" failures="0" tests="2" name="com.ZippSlipAutomation.admin.maintestpackage.UnpublishZippGramMainClass" time="50.545" errors="0" timestamp="8 Mar 2018 07:23:15 GMT">
  <testcase classname="com.ZippSlipAutomation.admin.maintestpackage.UnpublishZippGramMainClass" name="unpublishZippGram" time="10.456"/>
  <testcase classname="com.ZippSlipAutomation.admin.maintestpackage.UnpublishZippGramMainClass" name="selectPublishedZippGram" time="40.089"/>
</testsuite> <!-- com.ZippSlipAutomation.admin.maintestpackage.UnpublishZippGramMainClass -->
