<?xml version="1.0" encoding="UTF-8"?>
<!-- Generated by org.testng.reporters.JUnitReportReporter -->
<testsuite hostname="Parag-Jain" failures="0" tests="1" name="com.ZippSlipAutomation.admin.maintestpackage.UploadPastAbsencesMainClass" time="19.964" errors="0" timestamp="8 Mar 2018 08:01:44 GMT">
  <testcase classname="com.ZippSlipAutomation.admin.maintestpackage.UploadPastAbsencesMainClass" name="selectActivityType" time="19.964"/>
</testsuite> <!-- com.ZippSlipAutomation.admin.maintestpackage.UploadPastAbsencesMainClass -->
