<?xml version="1.0" encoding="UTF-8"?>
<!-- Generated by org.testng.reporters.JUnitReportReporter -->
<testsuite hostname="Parag-Jain" failures="0" tests="8" name="com.ZippSlipAutomation.parentsignup.maintestpackage.CommonLoginParentSignUpMainClass" time="210.029" errors="0" timestamp="8 Mar 2018 07:34:01 GMT">
  <testcase classname="com.ZippSlipAutomation.parentsignup.maintestpackage.CommonLoginParentSignUpMainClass" name="directToProfilePage" time="7.994"/>
  <testcase classname="com.ZippSlipAutomation.parentsignup.maintestpackage.CommonLoginParentSignUpMainClass" name="newAddedStudentDataVerificationFlow" time="30.468"/>
  <testcase classname="com.ZippSlipAutomation.parentsignup.maintestpackage.CommonLoginParentSignUpMainClass" name="enrolledStudentDataVerificationFlow" time="60.475"/>
  <testcase classname="com.ZippSlipAutomation.parentsignup.maintestpackage.CommonLoginParentSignUpMainClass" name="registerWithZippSlipFunctionality" time="20.926"/>
  <testcase classname="com.ZippSlipAutomation.parentsignup.maintestpackage.CommonLoginParentSignUpMainClass" name="enrolledStudentDataFunctionality" time="35.017"/>
  <testcase classname="com.ZippSlipAutomation.parentsignup.maintestpackage.CommonLoginParentSignUpMainClass" name="aterRegistrationFlowFunctionality" time="36.379"/>
  <testcase classname="com.ZippSlipAutomation.parentsignup.maintestpackage.CommonLoginParentSignUpMainClass" name="newStudentDataFunctionality" time="16.194"/>
  <testcase classname="com.ZippSlipAutomation.parentsignup.maintestpackage.CommonLoginParentSignUpMainClass" name="parentDataVerificationFlow" time="2.576"/>
</testsuite> <!-- com.ZippSlipAutomation.parentsignup.maintestpackage.CommonLoginParentSignUpMainClass -->
