<?xml version="1.0" encoding="UTF-8"?>
<!-- Generated by org.testng.reporters.JUnitReportReporter -->
<testsuite hostname="Parag-Jain" failures="0" tests="12" name="com.ZippSlipAutomation.districtadmin.maintestpackage.CreateFormPacketMainClass" time="73.104" errors="0" timestamp="6 Mar 2018 09:14:00 GMT">
  <testcase classname="com.ZippSlipAutomation.districtadmin.maintestpackage.CreateFormPacketMainClass" name="directToCommunicationPage" time="8.473"/>
  <testcase classname="com.ZippSlipAutomation.districtadmin.maintestpackage.CreateFormPacketMainClass" name="selectActivityType" time="15.790"/>
  <testcase classname="com.ZippSlipAutomation.districtadmin.maintestpackage.CreateFormPacketMainClass" name="verifyCurrentlySelectedForms" time="5.346"/>
  <testcase classname="com.ZippSlipAutomation.districtadmin.maintestpackage.CreateFormPacketMainClass" name="verifyTotalFees" time="2.031"/>
  <testcase classname="com.ZippSlipAutomation.districtadmin.maintestpackage.CreateFormPacketMainClass" name="verifyPopupOnSeeAllForms" time="6.416"/>
  <testcase classname="com.ZippSlipAutomation.districtadmin.maintestpackage.CreateFormPacketMainClass" name="verifyAttachmentsSection" time="4.871"/>
  <testcase classname="com.ZippSlipAutomation.districtadmin.maintestpackage.CreateFormPacketMainClass" name="verifyEventNameIsMandatory" time="5.544"/>
  <testcase classname="com.ZippSlipAutomation.districtadmin.maintestpackage.CreateFormPacketMainClass" name="verifySectionOnAdvancedSettingsButton" time="1.505"/>
  <testcase classname="com.ZippSlipAutomation.districtadmin.maintestpackage.CreateFormPacketMainClass" name="verifyCashInstructionsTextbox" time="1.889"/>
  <testcase classname="com.ZippSlipAutomation.districtadmin.maintestpackage.CreateFormPacketMainClass" name="verifyFieldsInPaymentsSection" time="1.339"/>
  <testcase classname="com.ZippSlipAutomation.districtadmin.maintestpackage.CreateFormPacketMainClass" name="verifyFeeTable" time="2.349"/>
  <testcase classname="com.ZippSlipAutomation.districtadmin.maintestpackage.CreateFormPacketMainClass" name="communicationsPageFunctionality" time="17.551"/>
</testsuite> <!-- com.ZippSlipAutomation.districtadmin.maintestpackage.CreateFormPacketMainClass -->
