<?xml version="1.0" encoding="UTF-8"?>
<!-- Generated by org.testng.reporters.JUnitReportReporter -->
<testsuite hostname="Parag-Jain" failures="0" tests="7" name="com.ZippSlipAutomation.admin.maintestpackage.CreateZippGramMainClass" time="78.073" errors="0" timestamp="8 Mar 2018 07:23:15 GMT">
  <testcase classname="com.ZippSlipAutomation.admin.maintestpackage.CreateZippGramMainClass" name="directToCommunicationPage" time="4.193"/>
  <testcase classname="com.ZippSlipAutomation.admin.maintestpackage.CreateZippGramMainClass" name="addImageControl" time="12.872"/>
  <testcase classname="com.ZippSlipAutomation.admin.maintestpackage.CreateZippGramMainClass" name="verifyEventNameIsMandatory" time="6.647"/>
  <testcase classname="com.ZippSlipAutomation.admin.maintestpackage.CreateZippGramMainClass" name="addVideoControl" time="5.957"/>
  <testcase classname="com.ZippSlipAutomation.admin.maintestpackage.CreateZippGramMainClass" name="selectZippGram" time="13.918"/>
  <testcase classname="com.ZippSlipAutomation.admin.maintestpackage.CreateZippGramMainClass" name="addPollControl" time="4.919"/>
  <testcase classname="com.ZippSlipAutomation.admin.maintestpackage.CreateZippGramMainClass" name="communicationsPageFunctionality" time="29.567"/>
</testsuite> <!-- com.ZippSlipAutomation.admin.maintestpackage.CreateZippGramMainClass -->
