<?xml version="1.0" encoding="UTF-8"?>
<!-- Generated by org.testng.reporters.JUnitReportReporter -->
<testsuite hostname="Parag-Jain" failures="0" tests="2" name="com.ZippSlipAutomation.parent.maintestpackage.ZippGramConsentMainClass" time="16.718" errors="0" timestamp="8 Mar 2018 07:23:15 GMT">
  <testcase classname="com.ZippSlipAutomation.parent.maintestpackage.ZippGramConsentMainClass" name="verifyElementsArePresentOnZippGram" time="3.724"/>
  <testcase classname="com.ZippSlipAutomation.parent.maintestpackage.ZippGramConsentMainClass" name="zippgramConsent" time="12.994"/>
</testsuite> <!-- com.ZippSlipAutomation.parent.maintestpackage.ZippGramConsentMainClass -->
